<?xml version="1.0" encoding="UTF-8"?>
<!-- Generated by org.testng.reporters.JUnitReportReporter -->
<testsuite hostname="DESKTOP-RLCUH5K" failures="0" tests="1" name="org.test.Sql" time="2.579" errors="0" timestamp="03 May 2024 07:37:55 GMT" skipped="0">
  <testcase classname="org.test.Sql" name="sql" time="2.579"/>
</testsuite> <!-- org.test.Sql -->
