<?xml version="1.0" encoding="UTF-8"?>
<!-- Generated by org.testng.reporters.JUnitReportReporter -->
<testsuite hostname="DESKTOP-RLCUH5K" failures="0" tests="3" name="org.test.A" time="93.572" errors="0" timestamp="19 Apr 2024 11:43:12 GMT" skipped="0">
  <testcase classname="org.test.A" name="tc1" time="62.749"/>
  <testcase classname="org.test.A" name="tc1" time="4.655"/>
  <testcase classname="org.test.A" name="tc1" time="26.168"/>
</testsuite> <!-- org.test.A -->
