<?xml version="1.0" encoding="UTF-8"?>
<!-- Generated by org.testng.reporters.JUnitReportReporter -->
<testsuite hostname="DESKTOP-RLCUH5K" failures="0" tests="1" name="org.test.Sql" time="0.321" errors="0" timestamp="03 May 2024 08:41:13 GMT" skipped="0">
  <testcase classname="org.test.Sql" name="sql" time="0.321"/>
</testsuite> <!-- org.test.Sql -->
